{"C:\\Users\\vasu manikanta\\OneDrive\\Documents\\Flam_Assignment\\client\\src\\App.jsx": {"path":"C:\\Users\\vasu manikanta\\OneDrive\\Documents\\Flam_Assignment\\client\\src\\App.jsx","statementMap":{"0":{"start":{"line":32,"column":36},"end":{"line":32,"column":null}},"1":{"start":{"line":33,"column":36},"end":{"line":33,"column":null}},"2":{"start":{"line":34,"column":36},"end":{"line":34,"column":null}},"3":{"start":{"line":35,"column":36},"end":{"line":35,"column":null}},"4":{"start":{"line":38,"column":28},"end":{"line":44,"column":null}},"5":{"start":{"line":39,"column":4},"end":{"line":43,"column":null}},"6":{"start":{"line":40,"column":6},"end":{"line":40,"column":null}},"7":{"start":{"line":42,"column":6},"end":{"line":42,"column":null}},"8":{"start":{"line":47,"column":4},"end":{"line":55,"column":null}},"9":{"start":{"line":48,"column":24},"end":{"line":48,"column":null}},"10":{"start":{"line":49,"column":6},"end":{"line":53,"column":null}},"11":{"start":{"line":50,"column":8},"end":{"line":50,"column":null}},"12":{"start":{"line":54,"column":6},"end":{"line":54,"column":null}},"13":{"start":{"line":59,"column":23},"end":{"line":59,"column":null}},"14":{"start":{"line":65,"column":4},"end":{"line":65,"column":null}},"15":{"start":{"line":65,"column":23},"end":{"line":65,"column":null}},"16":{"start":{"line":67,"column":29},"end":{"line":67,"column":null}},"17":{"start":{"line":68,"column":4},"end":{"line":68,"column":null}},"18":{"start":{"line":69,"column":4},"end":{"line":69,"column":null}},"19":{"start":{"line":71,"column":4},"end":{"line":100,"column":null}},"20":{"start":{"line":72,"column":19},"end":{"line":72,"column":null}},"21":{"start":{"line":75,"column":6},"end":{"line":75,"column":null}},"22":{"start":{"line":75,"column":53},"end":{"line":75,"column":null}},"23":{"start":{"line":78,"column":25},"end":{"line":78,"column":null}},"24":{"start":{"line":79,"column":6},"end":{"line":87,"column":null}},"25":{"start":{"line":80,"column":8},"end":{"line":80,"column":null}},"26":{"start":{"line":81,"column":8},"end":{"line":85,"column":null}},"27":{"start":{"line":86,"column":8},"end":{"line":86,"column":null}},"28":{"start":{"line":90,"column":6},"end":{"line":90,"column":null}},"29":{"start":{"line":92,"column":6},"end":{"line":92,"column":null}},"30":{"start":{"line":92,"column":53},"end":{"line":92,"column":null}},"31":{"start":{"line":93,"column":6},"end":{"line":93,"column":null}},"32":{"start":{"line":94,"column":28},"end":{"line":94,"column":null}},"33":{"start":{"line":95,"column":6},"end":{"line":95,"column":null}},"34":{"start":{"line":97,"column":6},"end":{"line":99,"column":null}},"35":{"start":{"line":98,"column":8},"end":{"line":98,"column":null}},"36":{"start":{"line":107,"column":4},"end":{"line":107,"column":null}},"37":{"start":{"line":108,"column":4},"end":{"line":108,"column":null}},"38":{"start":{"line":118,"column":4},"end":{"line":130,"column":null}},"39":{"start":{"line":119,"column":6},"end":{"line":119,"column":null}},"40":{"start":{"line":119,"column":17},"end":{"line":119,"column":null}},"41":{"start":{"line":120,"column":6},"end":{"line":129,"column":null}},"42":{"start":{"line":123,"column":10},"end":{"line":123,"column":null}},"43":{"start":{"line":123,"column":43},"end":{"line":123,"column":null}},"44":{"start":{"line":124,"column":10},"end":{"line":127,"column":null}},"45":{"start":{"line":126,"column":46},"end":{"line":126,"column":64}},"46":{"start":{"line":142,"column":4},"end":{"line":165,"column":null}},"47":{"start":{"line":143,"column":6},"end":{"line":143,"column":null}},"48":{"start":{"line":143,"column":17},"end":{"line":143,"column":null}},"49":{"start":{"line":144,"column":6},"end":{"line":164,"column":null}},"50":{"start":{"line":147,"column":10},"end":{"line":147,"column":null}},"51":{"start":{"line":147,"column":43},"end":{"line":147,"column":null}},"52":{"start":{"line":149,"column":24},"end":{"line":149,"column":null}},"53":{"start":{"line":150,"column":24},"end":{"line":150,"column":null}},"54":{"start":{"line":150,"column":47},"end":{"line":150,"column":62}},"55":{"start":{"line":153,"column":10},"end":{"line":153,"column":null}},"56":{"start":{"line":153,"column":65},"end":{"line":153,"column":null}},"57":{"start":{"line":154,"column":10},"end":{"line":154,"column":null}},"58":{"start":{"line":154,"column":65},"end":{"line":154,"column":null}},"59":{"start":{"line":156,"column":27},"end":{"line":156,"column":null}},"60":{"start":{"line":157,"column":28},"end":{"line":157,"column":null}},"61":{"start":{"line":160,"column":10},"end":{"line":160,"column":null}},"62":{"start":{"line":162,"column":10},"end":{"line":162,"column":null}},"63":{"start":{"line":171,"column":2},"end":{"line":243,"column":null}}},"fnMap":{"0":{"name":"App","decl":{"start":{"line":30,"column":24},"end":{"line":30,"column":30}},"loc":{"start":{"line":30,"column":30},"end":{"line":245,"column":null}},"line":30},"1":{"name":"(anonymous_1)","decl":{"start":{"line":38,"column":28},"end":{"line":38,"column":43}},"loc":{"start":{"line":38,"column":43},"end":{"line":44,"column":3}},"line":38},"2":{"name":"toggleTheme","decl":{"start":{"line":46,"column":11},"end":{"line":46,"column":25}},"loc":{"start":{"line":46,"column":25},"end":{"line":56,"column":null}},"line":46},"3":{"name":"(anonymous_3)","decl":{"start":{"line":47,"column":4},"end":{"line":47,"column":14}},"loc":{"start":{"line":47,"column":23},"end":{"line":55,"column":5}},"line":47},"4":{"name":"handleGenerate","decl":{"start":{"line":64,"column":17},"end":{"line":64,"column":34}},"loc":{"start":{"line":64,"column":34},"end":{"line":101,"column":null}},"line":64},"5":{"name":"handleRetry","decl":{"start":{"line":106,"column":11},"end":{"line":106,"column":25}},"loc":{"start":{"line":106,"column":25},"end":{"line":109,"column":null}},"line":106},"6":{"name":"handleRemoveStop","decl":{"start":{"line":117,"column":11},"end":{"line":117,"column":28}},"loc":{"start":{"line":117,"column":47},"end":{"line":131,"column":null}},"line":117},"7":{"name":"(anonymous_7)","decl":{"start":{"line":118,"column":4},"end":{"line":118,"column":18}},"loc":{"start":{"line":118,"column":27},"end":{"line":130,"column":5}},"line":118},"8":{"name":"(anonymous_8)","decl":{"start":{"line":122,"column":24},"end":{"line":122,"column":29}},"loc":{"start":{"line":122,"column":37},"end":{"line":128,"column":9}},"line":122},"9":{"name":"(anonymous_9)","decl":{"start":{"line":126,"column":29},"end":{"line":126,"column":37}},"loc":{"start":{"line":126,"column":46},"end":{"line":126,"column":64}},"line":126},"10":{"name":"handleMoveStop","decl":{"start":{"line":141,"column":11},"end":{"line":141,"column":26}},"loc":{"start":{"line":141,"column":56},"end":{"line":166,"column":null}},"line":141},"11":{"name":"(anonymous_11)","decl":{"start":{"line":142,"column":4},"end":{"line":142,"column":18}},"loc":{"start":{"line":142,"column":27},"end":{"line":165,"column":5}},"line":142},"12":{"name":"(anonymous_12)","decl":{"start":{"line":146,"column":24},"end":{"line":146,"column":29}},"loc":{"start":{"line":146,"column":37},"end":{"line":163,"column":9}},"line":146},"13":{"name":"(anonymous_13)","decl":{"start":{"line":150,"column":30},"end":{"line":150,"column":41}},"loc":{"start":{"line":150,"column":47},"end":{"line":150,"column":62}},"line":150}},"branchMap":{"0":{"loc":{"start":{"line":40,"column":13},"end":{"line":40,"column":null}},"type":"binary-expr","locations":[{"start":{"line":40,"column":13},"end":{"line":40,"column":51}},{"start":{"line":40,"column":51},"end":{"line":40,"column":null}}],"line":40},"1":{"loc":{"start":{"line":48,"column":24},"end":{"line":48,"column":null}},"type":"cond-expr","locations":[{"start":{"line":48,"column":42},"end":{"line":48,"column":52}},{"start":{"line":48,"column":52},"end":{"line":48,"column":null}}],"line":48},"2":{"loc":{"start":{"line":65,"column":4},"end":{"line":65,"column":null}},"type":"if","locations":[{"start":{"line":65,"column":4},"end":{"line":65,"column":null}},{"start":{},"end":{}}],"line":65},"3":{"loc":{"start":{"line":75,"column":6},"end":{"line":75,"column":null}},"type":"if","locations":[{"start":{"line":75,"column":6},"end":{"line":75,"column":null}},{"start":{},"end":{}}],"line":75},"4":{"loc":{"start":{"line":79,"column":6},"end":{"line":87,"column":null}},"type":"if","locations":[{"start":{"line":79,"column":6},"end":{"line":87,"column":null}},{"start":{},"end":{}}],"line":79},"5":{"loc":{"start":{"line":92,"column":6},"end":{"line":92,"column":null}},"type":"if","locations":[{"start":{"line":92,"column":6},"end":{"line":92,"column":null}},{"start":{},"end":{}}],"line":92},"6":{"loc":{"start":{"line":97,"column":6},"end":{"line":99,"column":null}},"type":"if","locations":[{"start":{"line":97,"column":6},"end":{"line":99,"column":null}},{"start":{},"end":{}}],"line":97},"7":{"loc":{"start":{"line":119,"column":6},"end":{"line":119,"column":null}},"type":"if","locations":[{"start":{"line":119,"column":6},"end":{"line":119,"column":null}},{"start":{},"end":{}}],"line":119},"8":{"loc":{"start":{"line":123,"column":10},"end":{"line":123,"column":null}},"type":"if","locations":[{"start":{"line":123,"column":10},"end":{"line":123,"column":null}},{"start":{},"end":{}}],"line":123},"9":{"loc":{"start":{"line":143,"column":6},"end":{"line":143,"column":null}},"type":"if","locations":[{"start":{"line":143,"column":6},"end":{"line":143,"column":null}},{"start":{},"end":{}}],"line":143},"10":{"loc":{"start":{"line":147,"column":10},"end":{"line":147,"column":null}},"type":"if","locations":[{"start":{"line":147,"column":10},"end":{"line":147,"column":null}},{"start":{},"end":{}}],"line":147},"11":{"loc":{"start":{"line":153,"column":10},"end":{"line":153,"column":null}},"type":"if","locations":[{"start":{"line":153,"column":10},"end":{"line":153,"column":null}},{"start":{},"end":{}}],"line":153},"12":{"loc":{"start":{"line":153,"column":14},"end":{"line":153,"column":65}},"type":"binary-expr","locations":[{"start":{"line":153,"column":14},"end":{"line":153,"column":38}},{"start":{"line":153,"column":38},"end":{"line":153,"column":65}}],"line":153},"13":{"loc":{"start":{"line":154,"column":10},"end":{"line":154,"column":null}},"type":"if","locations":[{"start":{"line":154,"column":10},"end":{"line":154,"column":null}},{"start":{},"end":{}}],"line":154},"14":{"loc":{"start":{"line":154,"column":14},"end":{"line":154,"column":65}},"type":"binary-expr","locations":[{"start":{"line":154,"column":14},"end":{"line":154,"column":38}},{"start":{"line":154,"column":38},"end":{"line":154,"column":65}}],"line":154},"15":{"loc":{"start":{"line":157,"column":28},"end":{"line":157,"column":null}},"type":"cond-expr","locations":[{"start":{"line":157,"column":49},"end":{"line":157,"column":61}},{"start":{"line":157,"column":61},"end":{"line":157,"column":null}}],"line":157},"16":{"loc":{"start":{"line":187,"column":37},"end":{"line":187,"column":73}},"type":"cond-expr","locations":[{"start":{"line":187,"column":56},"end":{"line":187,"column":66}},{"start":{"line":187,"column":66},"end":{"line":187,"column":73}}],"line":187},"17":{"loc":{"start":{"line":188,"column":32},"end":{"line":188,"column":68}},"type":"cond-expr","locations":[{"start":{"line":188,"column":51},"end":{"line":188,"column":61}},{"start":{"line":188,"column":61},"end":{"line":188,"column":68}}],"line":188},"18":{"loc":{"start":{"line":191,"column":15},"end":{"line":191,"column":null}},"type":"cond-expr","locations":[{"start":{"line":191,"column":34},"end":{"line":191,"column":41}},{"start":{"line":191,"column":41},"end":{"line":191,"column":null}}],"line":191},"19":{"loc":{"start":{"line":194,"column":15},"end":{"line":194,"column":null}},"type":"cond-expr","locations":[{"start":{"line":194,"column":34},"end":{"line":194,"column":44}},{"start":{"line":194,"column":44},"end":{"line":194,"column":null}}],"line":194},"20":{"loc":{"start":{"line":203,"column":9},"end":{"line":210,"column":null}},"type":"binary-expr","locations":[{"start":{"line":203,"column":9},"end":{"line":203,"column":23}},{"start":{"line":203,"column":23},"end":{"line":203,"column":35}},{"start":{"line":203,"column":35},"end":{"line":203,"column":null}},{"start":{"line":204,"column":10},"end":{"line":210,"column":null}}],"line":203},"21":{"loc":{"start":{"line":222,"column":9},"end":{"line":222,"column":null}},"type":"binary-expr","locations":[{"start":{"line":222,"column":9},"end":{"line":222,"column":20}},{"start":{"line":222,"column":20},"end":{"line":222,"column":null}}],"line":222},"22":{"loc":{"start":{"line":225,"column":9},"end":{"line":230,"column":null}},"type":"binary-expr","locations":[{"start":{"line":225,"column":9},"end":{"line":225,"column":21}},{"start":{"line":225,"column":21},"end":{"line":225,"column":null}},{"start":{"line":226,"column":10},"end":{"line":230,"column":null}}],"line":225},"23":{"loc":{"start":{"line":234,"column":9},"end":{"line":239,"column":null}},"type":"binary-expr","locations":[{"start":{"line":234,"column":9},"end":{"line":234,"column":21}},{"start":{"line":234,"column":21},"end":{"line":234,"column":31}},{"start":{"line":234,"column":31},"end":{"line":234,"column":null}},{"start":{"line":235,"column":10},"end":{"line":239,"column":null}}],"line":234}},"s":{"0":686,"1":686,"2":686,"3":686,"4":686,"5":34,"6":34,"7":0,"8":2,"9":2,"10":2,"11":2,"12":2,"13":686,"14":36,"15":0,"16":36,"17":36,"18":36,"19":36,"20":36,"21":25,"22":2,"23":23,"24":23,"25":13,"26":13,"27":13,"28":10,"29":11,"30":0,"31":11,"32":11,"33":11,"34":36,"35":34,"36":2,"37":2,"38":1,"39":1,"40":0,"41":1,"42":2,"43":1,"44":1,"45":2,"46":2,"47":2,"48":0,"49":2,"50":4,"51":2,"52":2,"53":2,"54":3,"55":2,"56":0,"57":2,"58":0,"59":2,"60":2,"61":4,"62":4,"63":686},"f":{"0":686,"1":34,"2":2,"3":2,"4":36,"5":2,"6":1,"7":1,"8":2,"9":2,"10":2,"11":2,"12":4,"13":3},"b":{"0":[34,34],"1":[1,1],"2":[0,36],"3":[2,23],"4":[13,10],"5":[0,11],"6":[34,2],"7":[0,1],"8":[1,1],"9":[0,2],"10":[2,2],"11":[0,2],"12":[2,1],"13":[0,2],"14":[2,1],"15":[1,1],"16":[685,1],"17":[685,1],"18":[685,1],"19":[685,1],"20":[686,673,635,611],"21":[686,38],"22":[686,648,24],"23":[686,648,624,13]},"meta":{"lastBranch":24,"lastFunction":14,"lastStatement":64,"seen":{"f:30:24:30:30":0,"s:32:36:32:Infinity":0,"s:33:36:33:Infinity":1,"s:34:36:34:Infinity":2,"s:35:36:35:Infinity":3,"s:38:28:44:Infinity":4,"f:38:28:38:43":1,"s:39:4:43:Infinity":5,"s:40:6:40:Infinity":6,"b:40:13:40:51:40:51:40:Infinity":0,"s:42:6:42:Infinity":7,"f:46:11:46:25":2,"s:47:4:55:Infinity":8,"f:47:4:47:14":3,"s:48:24:48:Infinity":9,"b:48:42:48:52:48:52:48:Infinity":1,"s:49:6:53:Infinity":10,"s:50:8:50:Infinity":11,"s:54:6:54:Infinity":12,"s:59:23:59:Infinity":13,"f:64:17:64:34":4,"b:65:4:65:Infinity:undefined:undefined:undefined:undefined":2,"s:65:4:65:Infinity":14,"s:65:23:65:Infinity":15,"s:67:29:67:Infinity":16,"s:68:4:68:Infinity":17,"s:69:4:69:Infinity":18,"s:71:4:100:Infinity":19,"s:72:19:72:Infinity":20,"b:75:6:75:Infinity:undefined:undefined:undefined:undefined":3,"s:75:6:75:Infinity":21,"s:75:53:75:Infinity":22,"s:78:25:78:Infinity":23,"b:79:6:87:Infinity:undefined:undefined:undefined:undefined":4,"s:79:6:87:Infinity":24,"s:80:8:80:Infinity":25,"s:81:8:85:Infinity":26,"s:86:8:86:Infinity":27,"s:90:6:90:Infinity":28,"b:92:6:92:Infinity:undefined:undefined:undefined:undefined":5,"s:92:6:92:Infinity":29,"s:92:53:92:Infinity":30,"s:93:6:93:Infinity":31,"s:94:28:94:Infinity":32,"s:95:6:95:Infinity":33,"b:97:6:99:Infinity:undefined:undefined:undefined:undefined":6,"s:97:6:99:Infinity":34,"s:98:8:98:Infinity":35,"f:106:11:106:25":5,"s:107:4:107:Infinity":36,"s:108:4:108:Infinity":37,"f:117:11:117:28":6,"s:118:4:130:Infinity":38,"f:118:4:118:18":7,"b:119:6:119:Infinity:undefined:undefined:undefined:undefined":7,"s:119:6:119:Infinity":39,"s:119:17:119:Infinity":40,"s:120:6:129:Infinity":41,"f:122:24:122:29":8,"b:123:10:123:Infinity:undefined:undefined:undefined:undefined":8,"s:123:10:123:Infinity":42,"s:123:43:123:Infinity":43,"s:124:10:127:Infinity":44,"f:126:29:126:37":9,"s:126:46:126:64":45,"f:141:11:141:26":10,"s:142:4:165:Infinity":46,"f:142:4:142:18":11,"b:143:6:143:Infinity:undefined:undefined:undefined:undefined":9,"s:143:6:143:Infinity":47,"s:143:17:143:Infinity":48,"s:144:6:164:Infinity":49,"f:146:24:146:29":12,"b:147:10:147:Infinity:undefined:undefined:undefined:undefined":10,"s:147:10:147:Infinity":50,"s:147:43:147:Infinity":51,"s:149:24:149:Infinity":52,"s:150:24:150:Infinity":53,"f:150:30:150:41":13,"s:150:47:150:62":54,"b:153:10:153:Infinity:undefined:undefined:undefined:undefined":11,"s:153:10:153:Infinity":55,"b:153:14:153:38:153:38:153:65":12,"s:153:65:153:Infinity":56,"b:154:10:154:Infinity:undefined:undefined:undefined:undefined":13,"s:154:10:154:Infinity":57,"b:154:14:154:38:154:38:154:65":14,"s:154:65:154:Infinity":58,"s:156:27:156:Infinity":59,"s:157:28:157:Infinity":60,"b:157:49:157:61:157:61:157:Infinity":15,"s:160:10:160:Infinity":61,"s:162:10:162:Infinity":62,"s:171:2:243:Infinity":63,"b:187:56:187:66:187:66:187:73":16,"b:188:51:188:61:188:61:188:68":17,"b:191:34:191:41:191:41:191:Infinity":18,"b:194:34:194:44:194:44:194:Infinity":19,"b:203:9:203:23:203:23:203:35:203:35:203:Infinity:204:10:210:Infinity":20,"b:222:9:222:20:222:20:222:Infinity":21,"b:225:9:225:21:225:21:225:Infinity:226:10:230:Infinity":22,"b:234:9:234:21:234:21:234:31:234:31:234:Infinity:235:10:239:Infinity":23},"fnNames":{}}}
,"C:\\Users\\vasu manikanta\\OneDrive\\Documents\\Flam_Assignment\\client\\src\\components\\DayCard.jsx": {"path":"C:\\Users\\vasu manikanta\\OneDrive\\Documents\\Flam_Assignment\\client\\src\\components\\DayCard.jsx","statementMap":{"0":{"start":{"line":25,"column":34},"end":{"line":25,"column":null}},"1":{"start":{"line":28,"column":4},"end":{"line":28,"column":null}},"2":{"start":{"line":28,"column":26},"end":{"line":28,"column":31}},"3":{"start":{"line":31,"column":16},"end":{"line":31,"column":null}},"4":{"start":{"line":32,"column":20},"end":{"line":32,"column":null}},"5":{"start":{"line":33,"column":26},"end":{"line":33,"column":null}},"6":{"start":{"line":35,"column":2},"end":{"line":108,"column":null}},"7":{"start":{"line":89,"column":16},"end":{"line":98,"column":null}},"8":{"start":{"line":95,"column":34},"end":{"line":95,"column":null}},"9":{"start":{"line":96,"column":36},"end":{"line":96,"column":null}},"10":{"start":{"line":97,"column":34},"end":{"line":97,"column":null}}},"fnMap":{"0":{"name":"DayCard","decl":{"start":{"line":23,"column":24},"end":{"line":23,"column":32}},"loc":{"start":{"line":23,"column":67},"end":{"line":110,"column":null}},"line":23},"1":{"name":"toggleExpanded","decl":{"start":{"line":27,"column":11},"end":{"line":27,"column":28}},"loc":{"start":{"line":27,"column":28},"end":{"line":29,"column":null}},"line":27},"2":{"name":"(anonymous_2)","decl":{"start":{"line":28,"column":4},"end":{"line":28,"column":17}},"loc":{"start":{"line":28,"column":26},"end":{"line":28,"column":31}},"line":28},"3":{"name":"(anonymous_3)","decl":{"start":{"line":87,"column":21},"end":{"line":87,"column":26}},"loc":{"start":{"line":89,"column":16},"end":{"line":98,"column":null}},"line":89},"4":{"name":"(anonymous_4)","decl":{"start":{"line":95,"column":18},"end":{"line":95,"column":34}},"loc":{"start":{"line":95,"column":34},"end":{"line":95,"column":null}},"line":95},"5":{"name":"(anonymous_5)","decl":{"start":{"line":96,"column":18},"end":{"line":96,"column":36}},"loc":{"start":{"line":96,"column":36},"end":{"line":96,"column":null}},"line":96},"6":{"name":"(anonymous_6)","decl":{"start":{"line":97,"column":18},"end":{"line":97,"column":34}},"loc":{"start":{"line":97,"column":34},"end":{"line":97,"column":null}},"line":97}},"branchMap":{"0":{"loc":{"start":{"line":31,"column":16},"end":{"line":31,"column":null}},"type":"binary-expr","locations":[{"start":{"line":31,"column":16},"end":{"line":31,"column":29}},{"start":{"line":31,"column":29},"end":{"line":31,"column":null}}],"line":31},"1":{"loc":{"start":{"line":36,"column":39},"end":{"line":36,"column":null}},"type":"cond-expr","locations":[{"start":{"line":36,"column":50},"end":{"line":36,"column":66}},{"start":{"line":36,"column":66},"end":{"line":36,"column":null}}],"line":36},"2":{"loc":{"start":{"line":58,"column":13},"end":{"line":61,"column":null}},"type":"binary-expr","locations":[{"start":{"line":58,"column":13},"end":{"line":58,"column":null}},{"start":{"line":59,"column":14},"end":{"line":61,"column":null}}],"line":58},"3":{"loc":{"start":{"line":66,"column":25},"end":{"line":66,"column":null}},"type":"cond-expr","locations":[{"start":{"line":66,"column":43},"end":{"line":66,"column":52}},{"start":{"line":66,"column":52},"end":{"line":66,"column":null}}],"line":66},"4":{"loc":{"start":{"line":69,"column":43},"end":{"line":69,"column":null}},"type":"cond-expr","locations":[{"start":{"line":69,"column":54},"end":{"line":69,"column":67}},{"start":{"line":69,"column":67},"end":{"line":69,"column":null}}],"line":69},"5":{"loc":{"start":{"line":78,"column":7},"end":{"line":108,"column":null}},"type":"binary-expr","locations":[{"start":{"line":78,"column":7},"end":{"line":78,"column":null}},{"start":{"line":79,"column":8},"end":{"line":108,"column":null}}],"line":78},"6":{"loc":{"start":{"line":85,"column":11},"end":{"line":104,"column":null}},"type":"cond-expr","locations":[{"start":{"line":86,"column":12},"end":{"line":102,"column":13}},{"start":{"line":102,"column":12},"end":{"line":104,"column":null}}],"line":85}},"s":{"0":33,"1":3,"2":3,"3":33,"4":33,"5":33,"6":33,"7":47,"8":1,"9":1,"10":1},"f":{"0":33,"1":3,"2":3,"3":47,"4":1,"5":1,"6":1},"b":{"0":[33,0],"1":[31,2],"2":[33,33],"3":[13,20],"4":[31,2],"5":[33,31],"6":[30,1]},"meta":{"lastBranch":7,"lastFunction":7,"lastStatement":11,"seen":{"f:23:24:23:32":0,"s:25:34:25:Infinity":0,"f:27:11:27:28":1,"s:28:4:28:Infinity":1,"f:28:4:28:17":2,"s:28:26:28:31":2,"s:31:16:31:Infinity":3,"b:31:16:31:29:31:29:31:Infinity":0,"s:32:20:32:Infinity":4,"s:33:26:33:Infinity":5,"s:35:2:108:Infinity":6,"b:36:50:36:66:36:66:36:Infinity":1,"b:58:13:58:Infinity:59:14:61:Infinity":2,"b:66:43:66:52:66:52:66:Infinity":3,"b:69:54:69:67:69:67:69:Infinity":4,"b:78:7:78:Infinity:79:8:108:Infinity":5,"b:86:12:102:13:102:12:104:Infinity":6,"f:87:21:87:26":3,"s:89:16:98:Infinity":7,"f:95:18:95:34":4,"s:95:34:95:Infinity":8,"f:96:18:96:36":5,"s:96:36:96:Infinity":9,"f:97:18:97:34":6,"s:97:34:97:Infinity":10},"fnNames":{}}}
,"C:\\Users\\vasu manikanta\\OneDrive\\Documents\\Flam_Assignment\\client\\src\\components\\ErrorState.jsx": {"path":"C:\\Users\\vasu manikanta\\OneDrive\\Documents\\Flam_Assignment\\client\\src\\components\\ErrorState.jsx","statementMap":{"0":{"start":{"line":12,"column":22},"end":{"line":12,"column":null}},"1":{"start":{"line":13,"column":24},"end":{"line":13,"column":null}},"2":{"start":{"line":15,"column":2},"end":{"line":18,"column":null}},"3":{"start":{"line":16,"column":4},"end":{"line":16,"column":null}},"4":{"start":{"line":17,"column":4},"end":{"line":17,"column":null}},"5":{"start":{"line":21,"column":4},"end":{"line":23,"column":null}},"6":{"start":{"line":26,"column":4},"end":{"line":28,"column":null}},"7":{"start":{"line":30,"column":2},"end":{"line":45,"column":null}}},"fnMap":{"0":{"name":"ErrorState","decl":{"start":{"line":11,"column":24},"end":{"line":11,"column":35}},"loc":{"start":{"line":11,"column":64},"end":{"line":47,"column":null}},"line":11}},"branchMap":{"0":{"loc":{"start":{"line":15,"column":2},"end":{"line":18,"column":null}},"type":"if","locations":[{"start":{"line":15,"column":2},"end":{"line":18,"column":null}},{"start":{},"end":{}}],"line":15},"1":{"loc":{"start":{"line":15,"column":6},"end":{"line":15,"column":55}},"type":"binary-expr","locations":[{"start":{"line":15,"column":6},"end":{"line":15,"column":37}},{"start":{"line":15,"column":37},"end":{"line":15,"column":55}}],"line":15},"2":{"loc":{"start":{"line":16,"column":20},"end":{"line":16,"column":null}},"type":"binary-expr","locations":[{"start":{"line":16,"column":20},"end":{"line":16,"column":37}},{"start":{"line":16,"column":37},"end":{"line":16,"column":null}}],"line":16},"3":{"loc":{"start":{"line":21,"column":4},"end":{"line":23,"column":null}},"type":"cond-expr","locations":[{"start":{"line":22,"column":8},"end":{"line":22,"column":null}},{"start":{"line":23,"column":8},"end":{"line":23,"column":null}}],"line":21},"4":{"loc":{"start":{"line":21,"column":4},"end":{"line":21,"column":null}},"type":"binary-expr","locations":[{"start":{"line":21,"column":4},"end":{"line":21,"column":41}},{"start":{"line":21,"column":41},"end":{"line":21,"column":null}}],"line":21},"5":{"loc":{"start":{"line":26,"column":4},"end":{"line":28,"column":null}},"type":"cond-expr","locations":[{"start":{"line":27,"column":8},"end":{"line":27,"column":null}},{"start":{"line":28,"column":8},"end":{"line":28,"column":null}}],"line":26},"6":{"loc":{"start":{"line":26,"column":4},"end":{"line":26,"column":null}},"type":"binary-expr","locations":[{"start":{"line":26,"column":4},"end":{"line":26,"column":43}},{"start":{"line":26,"column":43},"end":{"line":26,"column":null}}],"line":26},"7":{"loc":{"start":{"line":40,"column":7},"end":{"line":43,"column":null}},"type":"binary-expr","locations":[{"start":{"line":40,"column":7},"end":{"line":40,"column":null}},{"start":{"line":41,"column":8},"end":{"line":43,"column":null}}],"line":40}},"s":{"0":24,"1":24,"2":24,"3":0,"4":0,"5":24,"6":24,"7":24},"f":{"0":24},"b":{"0":[0,24],"1":[24,0],"2":[0,0],"3":[24,0],"4":[24,24],"5":[24,0],"6":[24,24],"7":[24,24]},"meta":{"lastBranch":8,"lastFunction":1,"lastStatement":8,"seen":{"f:11:24:11:35":0,"s:12:22:12:Infinity":0,"s:13:24:13:Infinity":1,"b:15:2:18:Infinity:undefined:undefined:undefined:undefined":0,"s:15:2:18:Infinity":2,"b:15:6:15:37:15:37:15:55":1,"s:16:4:16:Infinity":3,"b:16:20:16:37:16:37:16:Infinity":2,"s:17:4:17:Infinity":4,"s:21:4:23:Infinity":5,"b:22:8:22:Infinity:23:8:23:Infinity":3,"b:21:4:21:41:21:41:21:Infinity":4,"s:26:4:28:Infinity":6,"b:27:8:27:Infinity:28:8:28:Infinity":5,"b:26:4:26:43:26:43:26:Infinity":6,"s:30:2:45:Infinity":7,"b:40:7:40:Infinity:41:8:43:Infinity":7},"fnNames":{}}}
,"C:\\Users\\vasu manikanta\\OneDrive\\Documents\\Flam_Assignment\\client\\src\\components\\LoadingState.jsx": {"path":"C:\\Users\\vasu manikanta\\OneDrive\\Documents\\Flam_Assignment\\client\\src\\components\\LoadingState.jsx","statementMap":{"0":{"start":{"line":10,"column":2},"end":{"line":24,"column":null}}},"fnMap":{"0":{"name":"LoadingState","decl":{"start":{"line":9,"column":24},"end":{"line":9,"column":39}},"loc":{"start":{"line":9,"column":39},"end":{"line":26,"column":null}},"line":9}},"branchMap":{},"s":{"0":36},"f":{"0":36},"b":{},"meta":{"lastBranch":0,"lastFunction":1,"lastStatement":1,"seen":{"f:9:24:9:39":0,"s:10:2:24:Infinity":0},"fnNames":{}}}
,"C:\\Users\\vasu manikanta\\OneDrive\\Documents\\Flam_Assignment\\client\\src\\components\\PromptInput.jsx": {"path":"C:\\Users\\vasu manikanta\\OneDrive\\Documents\\Flam_Assignment\\client\\src\\components\\PromptInput.jsx","statementMap":{"0":{"start":{"line":15,"column":4},"end":{"line":18,"column":null}},"1":{"start":{"line":16,"column":6},"end":{"line":16,"column":null}},"2":{"start":{"line":17,"column":6},"end":{"line":17,"column":null}},"3":{"start":{"line":17,"column":24},"end":{"line":17,"column":null}},"4":{"start":{"line":22,"column":4},"end":{"line":22,"column":null}},"5":{"start":{"line":23,"column":4},"end":{"line":23,"column":null}},"6":{"start":{"line":23,"column":22},"end":{"line":23,"column":null}},"7":{"start":{"line":26,"column":2},"end":{"line":75,"column":null}},"8":{"start":{"line":37,"column":27},"end":{"line":37,"column":null}}},"fnMap":{"0":{"name":"PromptInput","decl":{"start":{"line":12,"column":24},"end":{"line":12,"column":36}},"loc":{"start":{"line":12,"column":76},"end":{"line":77,"column":null}},"line":12},"1":{"name":"handleKeyDown","decl":{"start":{"line":14,"column":11},"end":{"line":14,"column":25}},"loc":{"start":{"line":14,"column":28},"end":{"line":19,"column":null}},"line":14},"2":{"name":"handleSubmit","decl":{"start":{"line":21,"column":11},"end":{"line":21,"column":24}},"loc":{"start":{"line":21,"column":27},"end":{"line":24,"column":null}},"line":21},"3":{"name":"(anonymous_3)","decl":{"start":{"line":37,"column":10},"end":{"line":37,"column":21}},"loc":{"start":{"line":37,"column":27},"end":{"line":37,"column":null}},"line":37}},"branchMap":{"0":{"loc":{"start":{"line":15,"column":4},"end":{"line":18,"column":null}},"type":"if","locations":[{"start":{"line":15,"column":4},"end":{"line":18,"column":null}},{"start":{},"end":{}}],"line":15},"1":{"loc":{"start":{"line":15,"column":4},"end":{"line":15,"column":55}},"type":"binary-expr","locations":[{"start":{"line":15,"column":9},"end":{"line":15,"column":22}},{"start":{"line":15,"column":22},"end":{"line":15,"column":36}},{"start":{"line":15,"column":36},"end":{"line":15,"column":55}}],"line":15},"2":{"loc":{"start":{"line":17,"column":6},"end":{"line":17,"column":null}},"type":"if","locations":[{"start":{"line":17,"column":6},"end":{"line":17,"column":null}},{"start":{},"end":{}}],"line":17},"3":{"loc":{"start":{"line":23,"column":4},"end":{"line":23,"column":null}},"type":"if","locations":[{"start":{"line":23,"column":4},"end":{"line":23,"column":null}},{"start":{},"end":{}}],"line":23},"4":{"loc":{"start":{"line":59,"column":20},"end":{"line":59,"column":null}},"type":"binary-expr","locations":[{"start":{"line":59,"column":20},"end":{"line":59,"column":31}},{"start":{"line":59,"column":31},"end":{"line":59,"column":null}}],"line":59},"5":{"loc":{"start":{"line":62,"column":11},"end":{"line":71,"column":null}},"type":"cond-expr","locations":[{"start":{"line":63,"column":12},"end":{"line":68,"column":null}},{"start":{"line":68,"column":12},"end":{"line":71,"column":null}}],"line":62}},"s":{"0":601,"1":3,"2":3,"3":3,"4":34,"5":34,"6":34,"7":691,"8":597},"f":{"0":691,"1":601,"2":34,"3":597},"b":{"0":[3,598],"1":[601,597,6],"2":[3,0],"3":[34,0],"4":[691,654],"5":[37,654]},"meta":{"lastBranch":6,"lastFunction":4,"lastStatement":9,"seen":{"f:12:24:12:36":0,"f:14:11:14:25":1,"b:15:4:18:Infinity:undefined:undefined:undefined:undefined":0,"s:15:4:18:Infinity":0,"b:15:9:15:22:15:22:15:36:15:36:15:55":1,"s:16:6:16:Infinity":1,"b:17:6:17:Infinity:undefined:undefined:undefined:undefined":2,"s:17:6:17:Infinity":2,"s:17:24:17:Infinity":3,"f:21:11:21:24":2,"s:22:4:22:Infinity":4,"b:23:4:23:Infinity:undefined:undefined:undefined:undefined":3,"s:23:4:23:Infinity":5,"s:23:22:23:Infinity":6,"s:26:2:75:Infinity":7,"f:37:10:37:21":3,"s:37:27:37:Infinity":8,"b:59:20:59:31:59:31:59:Infinity":4,"b:63:12:68:Infinity:68:12:71:Infinity":5},"fnNames":{}}}
,"C:\\Users\\vasu manikanta\\OneDrive\\Documents\\Flam_Assignment\\client\\src\\components\\ResultView.jsx": {"path":"C:\\Users\\vasu manikanta\\OneDrive\\Documents\\Flam_Assignment\\client\\src\\components\\ResultView.jsx","statementMap":{"0":{"start":{"line":23,"column":25},"end":{"line":23,"column":null}},"1":{"start":{"line":25,"column":2},"end":{"line":82,"column":null}},"2":{"start":{"line":68,"column":14},"end":{"line":73,"column":null}},"3":{"start":{"line":71,"column":42},"end":{"line":71,"column":null}},"4":{"start":{"line":72,"column":51},"end":{"line":72,"column":null}}},"fnMap":{"0":{"name":"ResultView","decl":{"start":{"line":22,"column":24},"end":{"line":22,"column":35}},"loc":{"start":{"line":22,"column":76},"end":{"line":84,"column":null}},"line":22},"1":{"name":"(anonymous_1)","decl":{"start":{"line":66,"column":18},"end":{"line":66,"column":23}},"loc":{"start":{"line":68,"column":14},"end":{"line":73,"column":null}},"line":68},"2":{"name":"(anonymous_2)","decl":{"start":{"line":71,"column":16},"end":{"line":71,"column":31}},"loc":{"start":{"line":71,"column":42},"end":{"line":71,"column":null}},"line":71},"3":{"name":"(anonymous_3)","decl":{"start":{"line":72,"column":16},"end":{"line":72,"column":29}},"loc":{"start":{"line":72,"column":51},"end":{"line":72,"column":null}},"line":72}},"branchMap":{"0":{"loc":{"start":{"line":38,"column":33},"end":{"line":38,"column":null}},"type":"cond-expr","locations":[{"start":{"line":38,"column":59},"end":{"line":38,"column":67}},{"start":{"line":38,"column":67},"end":{"line":38,"column":null}}],"line":38},"1":{"loc":{"start":{"line":48,"column":27},"end":{"line":48,"column":null}},"type":"cond-expr","locations":[{"start":{"line":48,"column":47},"end":{"line":48,"column":63}},{"start":{"line":48,"column":63},"end":{"line":48,"column":null}}],"line":48},"2":{"loc":{"start":{"line":52,"column":9},"end":{"line":53,"column":null}},"type":"binary-expr","locations":[{"start":{"line":52,"column":9},"end":{"line":52,"column":null}},{"start":{"line":53,"column":10},"end":{"line":53,"column":null}}],"line":52},"3":{"loc":{"start":{"line":64,"column":9},"end":{"line":81,"column":null}},"type":"cond-expr","locations":[{"start":{"line":65,"column":10},"end":{"line":77,"column":11}},{"start":{"line":77,"column":10},"end":{"line":81,"column":null}}],"line":64}},"s":{"0":13,"1":13,"2":27,"3":1,"4":2},"f":{"0":13,"1":27,"2":1,"3":2},"b":{"0":[0,13],"1":[0,13],"2":[13,13],"3":[13,0]},"meta":{"lastBranch":4,"lastFunction":4,"lastStatement":5,"seen":{"f:22:24:22:35":0,"s:23:25:23:Infinity":0,"s:25:2:82:Infinity":1,"b:38:59:38:67:38:67:38:Infinity":0,"b:48:47:48:63:48:63:48:Infinity":1,"b:52:9:52:Infinity:53:10:53:Infinity":2,"b:65:10:77:11:77:10:81:Infinity":3,"f:66:18:66:23":1,"s:68:14:73:Infinity":2,"f:71:16:71:31":2,"s:71:42:71:Infinity":3,"f:72:16:72:29":3,"s:72:51:72:Infinity":4},"fnNames":{}}}
,"C:\\Users\\vasu manikanta\\OneDrive\\Documents\\Flam_Assignment\\client\\src\\components\\StopCard.jsx": {"path":"C:\\Users\\vasu manikanta\\OneDrive\\Documents\\Flam_Assignment\\client\\src\\components\\StopCard.jsx","statementMap":{"0":{"start":{"line":24,"column":2},"end":{"line":24,"column":null}},"1":{"start":{"line":24,"column":32},"end":{"line":24,"column":null}},"2":{"start":{"line":25,"column":12},"end":{"line":25,"column":null}},"3":{"start":{"line":26,"column":12},"end":{"line":26,"column":null}},"4":{"start":{"line":27,"column":2},"end":{"line":27,"column":null}},"5":{"start":{"line":27,"column":22},"end":{"line":27,"column":null}},"6":{"start":{"line":28,"column":2},"end":{"line":28,"column":null}},"7":{"start":{"line":28,"column":13},"end":{"line":28,"column":null}},"8":{"start":{"line":29,"column":2},"end":{"line":29,"column":null}},"9":{"start":{"line":38,"column":17},"end":{"line":44,"column":null}},"10":{"start":{"line":45,"column":2},"end":{"line":45,"column":null}},"11":{"start":{"line":64,"column":27},"end":{"line":64,"column":null}},"12":{"start":{"line":66,"column":2},"end":{"line":134,"column":null}}},"fnMap":{"0":{"name":"formatDuration","decl":{"start":{"line":23,"column":9},"end":{"line":23,"column":24}},"loc":{"start":{"line":23,"column":33},"end":{"line":30,"column":null}},"line":23},"1":{"name":"formatBestTime","decl":{"start":{"line":37,"column":9},"end":{"line":37,"column":24}},"loc":{"start":{"line":37,"column":34},"end":{"line":46,"column":null}},"line":37},"2":{"name":"StopCard","decl":{"start":{"line":63,"column":24},"end":{"line":63,"column":33}},"loc":{"start":{"line":63,"column":103},"end":{"line":136,"column":null}},"line":63}},"branchMap":{"0":{"loc":{"start":{"line":24,"column":2},"end":{"line":24,"column":null}},"type":"if","locations":[{"start":{"line":24,"column":2},"end":{"line":24,"column":null}},{"start":{},"end":{}}],"line":24},"1":{"loc":{"start":{"line":24,"column":6},"end":{"line":24,"column":32}},"type":"binary-expr","locations":[{"start":{"line":24,"column":6},"end":{"line":24,"column":18}},{"start":{"line":24,"column":18},"end":{"line":24,"column":32}}],"line":24},"2":{"loc":{"start":{"line":27,"column":2},"end":{"line":27,"column":null}},"type":"if","locations":[{"start":{"line":27,"column":2},"end":{"line":27,"column":null}},{"start":{},"end":{}}],"line":27},"3":{"loc":{"start":{"line":27,"column":6},"end":{"line":27,"column":22}},"type":"binary-expr","locations":[{"start":{"line":27,"column":6},"end":{"line":27,"column":15}},{"start":{"line":27,"column":15},"end":{"line":27,"column":22}}],"line":27},"4":{"loc":{"start":{"line":28,"column":2},"end":{"line":28,"column":null}},"type":"if","locations":[{"start":{"line":28,"column":2},"end":{"line":28,"column":null}},{"start":{},"end":{}}],"line":28},"5":{"loc":{"start":{"line":45,"column":9},"end":{"line":45,"column":null}},"type":"binary-expr","locations":[{"start":{"line":45,"column":9},"end":{"line":45,"column":29}},{"start":{"line":45,"column":29},"end":{"line":45,"column":null}}],"line":45},"6":{"loc":{"start":{"line":63,"column":41},"end":{"line":63,"column":52}},"type":"default-arg","locations":[{"start":{"line":63,"column":49},"end":{"line":63,"column":52}}],"line":63}},"s":{"0":56,"1":0,"2":56,"3":56,"4":56,"5":38,"6":18,"7":17,"8":1,"9":56,"10":56,"11":56,"12":56},"f":{"0":56,"1":56,"2":56},"b":{"0":[0,56],"1":[56,56],"2":[38,18],"3":[56,55],"4":[17,1],"5":[56,0],"6":[56]},"meta":{"lastBranch":7,"lastFunction":3,"lastStatement":13,"seen":{"f:23:9:23:24":0,"b:24:2:24:Infinity:undefined:undefined:undefined:undefined":0,"s:24:2:24:Infinity":0,"b:24:6:24:18:24:18:24:32":1,"s:24:32:24:Infinity":1,"s:25:12:25:Infinity":2,"s:26:12:26:Infinity":3,"b:27:2:27:Infinity:undefined:undefined:undefined:undefined":2,"s:27:2:27:Infinity":4,"b:27:6:27:15:27:15:27:22":3,"s:27:22:27:Infinity":5,"b:28:2:28:Infinity:undefined:undefined:undefined:undefined":4,"s:28:2:28:Infinity":6,"s:28:13:28:Infinity":7,"s:29:2:29:Infinity":8,"f:37:9:37:24":1,"s:38:17:44:Infinity":9,"s:45:2:45:Infinity":10,"b:45:9:45:29:45:29:45:Infinity":5,"f:63:24:63:33":2,"b:63:49:63:52":6,"s:64:27:64:Infinity":11,"s:66:2:134:Infinity":12},"fnNames":{}}}
,"C:\\Users\\vasu manikanta\\OneDrive\\Documents\\Flam_Assignment\\client\\src\\lib\\api.js": {"path":"C:\\Users\\vasu manikanta\\OneDrive\\Documents\\Flam_Assignment\\client\\src\\lib\\api.js","statementMap":{"0":{"start":{"line":19,"column":17},"end":{"line":19,"column":null}},"1":{"start":{"line":32,"column":4},"end":{"line":32,"column":null}},"2":{"start":{"line":33,"column":4},"end":{"line":33,"column":null}},"3":{"start":{"line":34,"column":4},"end":{"line":34,"column":null}},"4":{"start":{"line":35,"column":4},"end":{"line":35,"column":null}},"5":{"start":{"line":54,"column":2},"end":{"line":67,"column":null}},"6":{"start":{"line":55,"column":4},"end":{"line":59,"column":null}},"7":{"start":{"line":62,"column":4},"end":{"line":66,"column":null}},"8":{"start":{"line":71,"column":2},"end":{"line":79,"column":null}},"9":{"start":{"line":72,"column":4},"end":{"line":72,"column":null}},"10":{"start":{"line":74,"column":4},"end":{"line":78,"column":null}},"11":{"start":{"line":81,"column":2},"end":{"line":88,"column":null}},"12":{"start":{"line":83,"column":17},"end":{"line":83,"column":null}},"13":{"start":{"line":85,"column":6},"end":{"line":86,"column":null}},"14":{"start":{"line":87,"column":4},"end":{"line":87,"column":null}},"15":{"start":{"line":90,"column":2},"end":{"line":96,"column":null}},"16":{"start":{"line":91,"column":4},"end":{"line":95,"column":null}},"17":{"start":{"line":98,"column":2},"end":{"line":98,"column":null}},"18":{"start":{"line":110,"column":4},"end":{"line":112,"column":null}},"19":{"start":{"line":114,"column":2},"end":{"line":178,"column":null}},"20":{"start":{"line":116,"column":6},"end":{"line":120,"column":null}},"21":{"start":{"line":123,"column":6},"end":{"line":126,"column":null}},"22":{"start":{"line":129,"column":6},"end":{"line":132,"column":null}},"23":{"start":{"line":135,"column":6},"end":{"line":138,"column":null}},"24":{"start":{"line":142,"column":6},"end":{"line":145,"column":null}},"25":{"start":{"line":148,"column":6},"end":{"line":151,"column":null}},"26":{"start":{"line":154,"column":6},"end":{"line":157,"column":null}},"27":{"start":{"line":160,"column":6},"end":{"line":163,"column":null}},"28":{"start":{"line":167,"column":6},"end":{"line":171,"column":null}},"29":{"start":{"line":174,"column":6},"end":{"line":177,"column":null}}},"fnMap":{"0":{"name":"constructor","decl":{"start":{"line":31,"column":2},"end":{"line":31,"column":14}},"loc":{"start":{"line":31,"column":59},"end":{"line":36,"column":null}},"line":31},"1":{"name":"generateItinerary","decl":{"start":{"line":51,"column":22},"end":{"line":51,"column":40}},"loc":{"start":{"line":51,"column":47},"end":{"line":99,"column":null}},"line":51},"2":{"name":"getUserFriendlyError","decl":{"start":{"line":108,"column":16},"end":{"line":108,"column":37}},"loc":{"start":{"line":108,"column":42},"end":{"line":179,"column":null}},"line":108}},"branchMap":{"0":{"loc":{"start":{"line":19,"column":17},"end":{"line":19,"column":null}},"type":"binary-expr","locations":[{"start":{"line":19,"column":17},"end":{"line":19,"column":55}},{"start":{"line":19,"column":55},"end":{"line":19,"column":null}}],"line":19},"1":{"loc":{"start":{"line":31,"column":23},"end":{"line":31,"column":47}},"type":"default-arg","locations":[{"start":{"line":31,"column":30},"end":{"line":31,"column":47}}],"line":31},"2":{"loc":{"start":{"line":31,"column":47},"end":{"line":31,"column":59}},"type":"default-arg","locations":[{"start":{"line":31,"column":56},"end":{"line":31,"column":59}}],"line":31},"3":{"loc":{"start":{"line":81,"column":2},"end":{"line":88,"column":null}},"type":"if","locations":[{"start":{"line":81,"column":2},"end":{"line":88,"column":null}},{"start":{},"end":{}}],"line":81},"4":{"loc":{"start":{"line":81,"column":6},"end":{"line":81,"column":46}},"type":"binary-expr","locations":[{"start":{"line":81,"column":6},"end":{"line":81,"column":22}},{"start":{"line":81,"column":22},"end":{"line":81,"column":46}}],"line":81},"5":{"loc":{"start":{"line":83,"column":17},"end":{"line":83,"column":null}},"type":"binary-expr","locations":[{"start":{"line":83,"column":17},"end":{"line":83,"column":38}},{"start":{"line":83,"column":38},"end":{"line":83,"column":null}}],"line":83},"6":{"loc":{"start":{"line":85,"column":6},"end":{"line":86,"column":null}},"type":"binary-expr","locations":[{"start":{"line":85,"column":6},"end":{"line":85,"column":null}},{"start":{"line":86,"column":6},"end":{"line":86,"column":null}}],"line":85},"7":{"loc":{"start":{"line":90,"column":2},"end":{"line":96,"column":null}},"type":"if","locations":[{"start":{"line":90,"column":2},"end":{"line":96,"column":null}},{"start":{},"end":{}}],"line":90},"8":{"loc":{"start":{"line":110,"column":4},"end":{"line":112,"column":null}},"type":"cond-expr","locations":[{"start":{"line":111,"column":8},"end":{"line":111,"column":null}},{"start":{"line":112,"column":8},"end":{"line":112,"column":null}}],"line":110},"9":{"loc":{"start":{"line":110,"column":4},"end":{"line":110,"column":null}},"type":"binary-expr","locations":[{"start":{"line":110,"column":4},"end":{"line":110,"column":31}},{"start":{"line":110,"column":31},"end":{"line":110,"column":47}},{"start":{"line":110,"column":47},"end":{"line":110,"column":null}}],"line":110},"10":{"loc":{"start":{"line":114,"column":2},"end":{"line":178,"column":null}},"type":"switch","locations":[{"start":{"line":115,"column":4},"end":{"line":120,"column":null}},{"start":{"line":122,"column":4},"end":{"line":126,"column":null}},{"start":{"line":128,"column":4},"end":{"line":132,"column":null}},{"start":{"line":134,"column":4},"end":{"line":138,"column":null}},{"start":{"line":140,"column":4},"end":{"line":140,"column":null}},{"start":{"line":141,"column":4},"end":{"line":145,"column":null}},{"start":{"line":147,"column":4},"end":{"line":151,"column":null}},{"start":{"line":153,"column":4},"end":{"line":157,"column":null}},{"start":{"line":159,"column":4},"end":{"line":163,"column":null}},{"start":{"line":165,"column":4},"end":{"line":165,"column":null}},{"start":{"line":166,"column":4},"end":{"line":171,"column":null}},{"start":{"line":173,"column":4},"end":{"line":177,"column":null}}],"line":114}},"s":{"0":8,"1":20,"2":20,"3":20,"4":20,"5":45,"6":45,"7":6,"8":39,"9":39,"10":3,"11":36,"12":8,"13":8,"14":8,"15":28,"16":2,"17":26,"18":26,"19":26,"20":4,"21":2,"22":1,"23":1,"24":3,"25":2,"26":1,"27":5,"28":2,"29":5},"f":{"0":20,"1":45,"2":26},"b":{"0":[8,0],"1":[20],"2":[20],"3":[8,28],"4":[36,28],"5":[8,0],"6":[8,0],"7":[2,26],"8":[23,3],"9":[26,24,23],"10":[4,2,1,1,1,3,2,1,5,1,2,5]},"meta":{"lastBranch":11,"lastFunction":3,"lastStatement":30,"seen":{"s:19:17:19:Infinity":0,"b:19:17:19:55:19:55:19:Infinity":0,"f:31:2:31:14":0,"b:31:30:31:47":1,"b:31:56:31:59":2,"s:32:4:32:Infinity":1,"s:33:4:33:Infinity":2,"s:34:4:34:Infinity":3,"s:35:4:35:Infinity":4,"f:51:22:51:40":1,"s:54:2:67:Infinity":5,"s:55:4:59:Infinity":6,"s:62:4:66:Infinity":7,"s:71:2:79:Infinity":8,"s:72:4:72:Infinity":9,"s:74:4:78:Infinity":10,"b:81:2:88:Infinity:undefined:undefined:undefined:undefined":3,"s:81:2:88:Infinity":11,"b:81:6:81:22:81:22:81:46":4,"s:83:17:83:Infinity":12,"b:83:17:83:38:83:38:83:Infinity":5,"s:85:6:86:Infinity":13,"b:85:6:85:Infinity:86:6:86:Infinity":6,"s:87:4:87:Infinity":14,"b:90:2:96:Infinity:undefined:undefined:undefined:undefined":7,"s:90:2:96:Infinity":15,"s:91:4:95:Infinity":16,"s:98:2:98:Infinity":17,"f:108:16:108:37":2,"s:110:4:112:Infinity":18,"b:111:8:111:Infinity:112:8:112:Infinity":8,"b:110:4:110:31:110:31:110:47:110:47:110:Infinity":9,"b:115:4:120:Infinity:122:4:126:Infinity:128:4:132:Infinity:134:4:138:Infinity:140:4:140:Infinity:141:4:145:Infinity:147:4:151:Infinity:153:4:157:Infinity:159:4:163:Infinity:165:4:165:Infinity:166:4:171:Infinity:173:4:177:Infinity":10,"s:114:2:178:Infinity":19,"s:116:6:120:Infinity":20,"s:123:6:126:Infinity":21,"s:129:6:132:Infinity":22,"s:135:6:138:Infinity":23,"s:142:6:145:Infinity":24,"s:148:6:151:Infinity":25,"s:154:6:157:Infinity":26,"s:160:6:163:Infinity":27,"s:167:6:171:Infinity":28,"s:174:6:177:Infinity":29},"fnNames":{}}}
,"C:\\Users\\vasu manikanta\\OneDrive\\Documents\\Flam_Assignment\\client\\src\\lib\\validateTrip.js": {"path":"C:\\Users\\vasu manikanta\\OneDrive\\Documents\\Flam_Assignment\\client\\src\\lib\\validateTrip.js","statementMap":{"0":{"start":{"line":10,"column":6},"end":{"line":20,"column":null}},"1":{"start":{"line":11,"column":2},"end":{"line":20,"column":null}},"2":{"start":{"line":18,"column":21},"end":{"line":18,"column":44}},"3":{"start":{"line":23,"column":34},"end":{"line":31,"column":null}},"4":{"start":{"line":34,"column":34},"end":{"line":40,"column":null}},"5":{"start":{"line":46,"column":26},"end":{"line":66,"column":null}},"6":{"start":{"line":51,"column":23},"end":{"line":51,"column":null}},"7":{"start":{"line":63,"column":23},"end":{"line":63,"column":null}},"8":{"start":{"line":72,"column":25},"end":{"line":92,"column":null}},"9":{"start":{"line":98,"column":30},"end":{"line":111,"column":null}},"10":{"start":{"line":117,"column":26},"end":{"line":127,"column":null}},"11":{"start":{"line":130,"column":26},"end":{"line":152,"column":null}},"12":{"start":{"line":154,"column":29},"end":{"line":165,"column":null}},"13":{"start":{"line":174,"column":2},"end":{"line":174,"column":null}},"14":{"start":{"line":174,"column":32},"end":{"line":174,"column":null}},"15":{"start":{"line":175,"column":21},"end":{"line":175,"column":null}},"16":{"start":{"line":177,"column":2},"end":{"line":177,"column":null}},"17":{"start":{"line":177,"column":41},"end":{"line":177,"column":null}},"18":{"start":{"line":178,"column":2},"end":{"line":178,"column":null}},"19":{"start":{"line":178,"column":42},"end":{"line":178,"column":null}},"20":{"start":{"line":180,"column":2},"end":{"line":184,"column":null}},"21":{"start":{"line":181,"column":4},"end":{"line":183,"column":null}},"22":{"start":{"line":182,"column":6},"end":{"line":182,"column":null}},"23":{"start":{"line":186,"column":2},"end":{"line":186,"column":null}},"24":{"start":{"line":196,"column":2},"end":{"line":196,"column":null}},"25":{"start":{"line":196,"column":32},"end":{"line":196,"column":null}},"26":{"start":{"line":197,"column":16},"end":{"line":197,"column":null}},"27":{"start":{"line":199,"column":2},"end":{"line":207,"column":null}},"28":{"start":{"line":206,"column":4},"end":{"line":206,"column":null}},"29":{"start":{"line":208,"column":2},"end":{"line":208,"column":null}},"30":{"start":{"line":220,"column":16},"end":{"line":220,"column":null}},"31":{"start":{"line":223,"column":4},"end":{"line":227,"column":null}},"32":{"start":{"line":229,"column":2},"end":{"line":231,"column":null}},"33":{"start":{"line":230,"column":4},"end":{"line":230,"column":null}},"34":{"start":{"line":233,"column":2},"end":{"line":233,"column":null}},"35":{"start":{"line":244,"column":25},"end":{"line":244,"column":null}},"36":{"start":{"line":247,"column":2},"end":{"line":252,"column":null}},"37":{"start":{"line":248,"column":4},"end":{"line":251,"column":null}},"38":{"start":{"line":255,"column":25},"end":{"line":255,"column":null}},"39":{"start":{"line":256,"column":2},"end":{"line":274,"column":null}},"40":{"start":{"line":256,"column":15},"end":{"line":256,"column":18}},"41":{"start":{"line":257,"column":27},"end":{"line":257,"column":null}},"42":{"start":{"line":258,"column":26},"end":{"line":258,"column":null}},"43":{"start":{"line":260,"column":4},"end":{"line":265,"column":null}},"44":{"start":{"line":261,"column":6},"end":{"line":264,"column":null}},"45":{"start":{"line":267,"column":4},"end":{"line":272,"column":null}},"46":{"start":{"line":268,"column":6},"end":{"line":271,"column":null}},"47":{"start":{"line":273,"column":4},"end":{"line":273,"column":null}},"48":{"start":{"line":277,"column":2},"end":{"line":282,"column":null}},"49":{"start":{"line":278,"column":4},"end":{"line":281,"column":null}},"50":{"start":{"line":283,"column":2},"end":{"line":288,"column":null}},"51":{"start":{"line":284,"column":4},"end":{"line":287,"column":null}},"52":{"start":{"line":289,"column":2},"end":{"line":294,"column":null}},"53":{"start":{"line":290,"column":4},"end":{"line":293,"column":null}},"54":{"start":{"line":297,"column":22},"end":{"line":297,"column":null}},"55":{"start":{"line":298,"column":24},"end":{"line":298,"column":null}},"56":{"start":{"line":299,"column":31},"end":{"line":299,"column":null}},"57":{"start":{"line":301,"column":2},"end":{"line":400,"column":null}},"58":{"start":{"line":301,"column":15},"end":{"line":301,"column":18}},"59":{"start":{"line":302,"column":16},"end":{"line":302,"column":null}},"60":{"start":{"line":305,"column":4},"end":{"line":310,"column":null}},"61":{"start":{"line":306,"column":6},"end":{"line":309,"column":null}},"62":{"start":{"line":311,"column":4},"end":{"line":316,"column":null}},"63":{"start":{"line":312,"column":6},"end":{"line":315,"column":null}},"64":{"start":{"line":319,"column":22},"end":{"line":319,"column":null}},"65":{"start":{"line":320,"column":24},"end":{"line":320,"column":null}},"66":{"start":{"line":321,"column":26},"end":{"line":321,"column":null}},"67":{"start":{"line":322,"column":29},"end":{"line":328,"column":null}},"68":{"start":{"line":329,"column":4},"end":{"line":334,"column":null}},"69":{"start":{"line":330,"column":6},"end":{"line":333,"column":null}},"70":{"start":{"line":336,"column":4},"end":{"line":399,"column":null}},"71":{"start":{"line":336,"column":17},"end":{"line":336,"column":20}},"72":{"start":{"line":337,"column":19},"end":{"line":337,"column":null}},"73":{"start":{"line":340,"column":6},"end":{"line":345,"column":null}},"74":{"start":{"line":341,"column":8},"end":{"line":344,"column":null}},"75":{"start":{"line":346,"column":6},"end":{"line":346,"column":null}},"76":{"start":{"line":349,"column":6},"end":{"line":354,"column":null}},"77":{"start":{"line":350,"column":8},"end":{"line":353,"column":null}},"78":{"start":{"line":357,"column":6},"end":{"line":362,"column":null}},"79":{"start":{"line":358,"column":8},"end":{"line":361,"column":null}},"80":{"start":{"line":365,"column":6},"end":{"line":370,"column":null}},"81":{"start":{"line":366,"column":8},"end":{"line":369,"column":null}},"82":{"start":{"line":373,"column":23},"end":{"line":373,"column":null}},"83":{"start":{"line":374,"column":6},"end":{"line":379,"column":null}},"84":{"start":{"line":375,"column":8},"end":{"line":378,"column":null}},"85":{"start":{"line":380,"column":6},"end":{"line":380,"column":null}},"86":{"start":{"line":383,"column":23},"end":{"line":383,"column":null}},"87":{"start":{"line":384,"column":6},"end":{"line":389,"column":null}},"88":{"start":{"line":385,"column":8},"end":{"line":388,"column":null}},"89":{"start":{"line":390,"column":6},"end":{"line":390,"column":null}},"90":{"start":{"line":393,"column":6},"end":{"line":398,"column":null}},"91":{"start":{"line":394,"column":8},"end":{"line":397,"column":null}},"92":{"start":{"line":402,"column":2},"end":{"line":402,"column":null}},"93":{"start":{"line":415,"column":20},"end":{"line":415,"column":null}},"94":{"start":{"line":416,"column":2},"end":{"line":423,"column":null}},"95":{"start":{"line":417,"column":4},"end":{"line":422,"column":null}},"96":{"start":{"line":426,"column":23},"end":{"line":426,"column":null}},"97":{"start":{"line":427,"column":2},"end":{"line":433,"column":null}},"98":{"start":{"line":428,"column":4},"end":{"line":432,"column":null}},"99":{"start":{"line":435,"column":2},"end":{"line":438,"column":null}}},"fnMap":{"0":{"name":"(anonymous_0)","decl":{"start":{"line":10,"column":6},"end":{"line":10,"column":29}},"loc":{"start":{"line":11,"column":2},"end":{"line":20,"column":null}},"line":11},"1":{"name":"(anonymous_1)","decl":{"start":{"line":18,"column":5},"end":{"line":18,"column":13}},"loc":{"start":{"line":18,"column":21},"end":{"line":18,"column":44}},"line":18},"2":{"name":"(anonymous_2)","decl":{"start":{"line":51,"column":6},"end":{"line":51,"column":23}},"loc":{"start":{"line":51,"column":23},"end":{"line":51,"column":null}},"line":51},"3":{"name":"(anonymous_3)","decl":{"start":{"line":63,"column":6},"end":{"line":63,"column":23}},"loc":{"start":{"line":63,"column":23},"end":{"line":63,"column":null}},"line":63},"4":{"name":"isPlaceholderText","decl":{"start":{"line":173,"column":9},"end":{"line":173,"column":27}},"loc":{"start":{"line":173,"column":33},"end":{"line":187,"column":null}},"line":173},"5":{"name":"hasUnsupportedPrecision","decl":{"start":{"line":195,"column":9},"end":{"line":195,"column":33}},"loc":{"start":{"line":195,"column":39},"end":{"line":209,"column":null}},"line":195},"6":{"name":"isStopTypeContradictory","decl":{"start":{"line":219,"column":9},"end":{"line":219,"column":33}},"loc":{"start":{"line":219,"column":45},"end":{"line":234,"column":null}},"line":219},"7":{"name":"validateCustomRules","decl":{"start":{"line":243,"column":9},"end":{"line":243,"column":29}},"loc":{"start":{"line":243,"column":40},"end":{"line":403,"column":null}},"line":243},"8":{"name":"validateTrip","decl":{"start":{"line":413,"column":16},"end":{"line":413,"column":29}},"loc":{"start":{"line":413,"column":35},"end":{"line":439,"column":null}},"line":413}},"branchMap":{"0":{"loc":{"start":{"line":174,"column":2},"end":{"line":174,"column":null}},"type":"if","locations":[{"start":{"line":174,"column":2},"end":{"line":174,"column":null}},{"start":{},"end":{}}],"line":174},"1":{"loc":{"start":{"line":177,"column":2},"end":{"line":177,"column":null}},"type":"if","locations":[{"start":{"line":177,"column":2},"end":{"line":177,"column":null}},{"start":{},"end":{}}],"line":177},"2":{"loc":{"start":{"line":178,"column":2},"end":{"line":178,"column":null}},"type":"if","locations":[{"start":{"line":178,"column":2},"end":{"line":178,"column":null}},{"start":{},"end":{}}],"line":178},"3":{"loc":{"start":{"line":181,"column":4},"end":{"line":183,"column":null}},"type":"if","locations":[{"start":{"line":181,"column":4},"end":{"line":183,"column":null}},{"start":{},"end":{}}],"line":181},"4":{"loc":{"start":{"line":181,"column":8},"end":{"line":181,"column":65}},"type":"binary-expr","locations":[{"start":{"line":181,"column":8},"end":{"line":181,"column":41}},{"start":{"line":181,"column":41},"end":{"line":181,"column":65}}],"line":181},"5":{"loc":{"start":{"line":196,"column":2},"end":{"line":196,"column":null}},"type":"if","locations":[{"start":{"line":196,"column":2},"end":{"line":196,"column":null}},{"start":{},"end":{}}],"line":196},"6":{"loc":{"start":{"line":199,"column":2},"end":{"line":207,"column":null}},"type":"if","locations":[{"start":{"line":199,"column":2},"end":{"line":207,"column":null}},{"start":{},"end":{}}],"line":199},"7":{"loc":{"start":{"line":200,"column":5},"end":{"line":204,"column":null}},"type":"binary-expr","locations":[{"start":{"line":200,"column":5},"end":{"line":200,"column":36}},{"start":{"line":200,"column":36},"end":{"line":200,"column":null}},{"start":{"line":201,"column":5},"end":{"line":201,"column":40}},{"start":{"line":201,"column":40},"end":{"line":201,"column":null}},{"start":{"line":202,"column":4},"end":{"line":202,"column":null}},{"start":{"line":203,"column":4},"end":{"line":203,"column":null}},{"start":{"line":204,"column":4},"end":{"line":204,"column":null}}],"line":200},"8":{"loc":{"start":{"line":223,"column":4},"end":{"line":227,"column":null}},"type":"binary-expr","locations":[{"start":{"line":223,"column":4},"end":{"line":223,"column":null}},{"start":{"line":224,"column":4},"end":{"line":224,"column":null}},{"start":{"line":225,"column":4},"end":{"line":225,"column":null}},{"start":{"line":226,"column":4},"end":{"line":226,"column":null}},{"start":{"line":227,"column":4},"end":{"line":227,"column":null}}],"line":223},"9":{"loc":{"start":{"line":229,"column":2},"end":{"line":231,"column":null}},"type":"if","locations":[{"start":{"line":229,"column":2},"end":{"line":231,"column":null}},{"start":{},"end":{}}],"line":229},"10":{"loc":{"start":{"line":229,"column":6},"end":{"line":229,"column":65}},"type":"binary-expr","locations":[{"start":{"line":229,"column":6},"end":{"line":229,"column":22}},{"start":{"line":229,"column":22},"end":{"line":229,"column":43}},{"start":{"line":229,"column":43},"end":{"line":229,"column":65}}],"line":229},"11":{"loc":{"start":{"line":247,"column":2},"end":{"line":252,"column":null}},"type":"if","locations":[{"start":{"line":247,"column":2},"end":{"line":252,"column":null}},{"start":{},"end":{}}],"line":247},"12":{"loc":{"start":{"line":260,"column":4},"end":{"line":265,"column":null}},"type":"if","locations":[{"start":{"line":260,"column":4},"end":{"line":265,"column":null}},{"start":{},"end":{}}],"line":260},"13":{"loc":{"start":{"line":267,"column":4},"end":{"line":272,"column":null}},"type":"if","locations":[{"start":{"line":267,"column":4},"end":{"line":272,"column":null}},{"start":{},"end":{}}],"line":267},"14":{"loc":{"start":{"line":277,"column":2},"end":{"line":282,"column":null}},"type":"if","locations":[{"start":{"line":277,"column":2},"end":{"line":282,"column":null}},{"start":{},"end":{}}],"line":277},"15":{"loc":{"start":{"line":283,"column":2},"end":{"line":288,"column":null}},"type":"if","locations":[{"start":{"line":283,"column":2},"end":{"line":288,"column":null}},{"start":{},"end":{}}],"line":283},"16":{"loc":{"start":{"line":289,"column":2},"end":{"line":294,"column":null}},"type":"if","locations":[{"start":{"line":289,"column":2},"end":{"line":294,"column":null}},{"start":{},"end":{}}],"line":289},"17":{"loc":{"start":{"line":305,"column":4},"end":{"line":310,"column":null}},"type":"if","locations":[{"start":{"line":305,"column":4},"end":{"line":310,"column":null}},{"start":{},"end":{}}],"line":305},"18":{"loc":{"start":{"line":311,"column":4},"end":{"line":316,"column":null}},"type":"if","locations":[{"start":{"line":311,"column":4},"end":{"line":316,"column":null}},{"start":{},"end":{}}],"line":311},"19":{"loc":{"start":{"line":329,"column":4},"end":{"line":334,"column":null}},"type":"if","locations":[{"start":{"line":329,"column":4},"end":{"line":334,"column":null}},{"start":{},"end":{}}],"line":329},"20":{"loc":{"start":{"line":329,"column":8},"end":{"line":329,"column":85}},"type":"binary-expr","locations":[{"start":{"line":329,"column":8},"end":{"line":329,"column":45}},{"start":{"line":329,"column":45},"end":{"line":329,"column":85}}],"line":329},"21":{"loc":{"start":{"line":340,"column":6},"end":{"line":345,"column":null}},"type":"if","locations":[{"start":{"line":340,"column":6},"end":{"line":345,"column":null}},{"start":{},"end":{}}],"line":340},"22":{"loc":{"start":{"line":349,"column":6},"end":{"line":354,"column":null}},"type":"if","locations":[{"start":{"line":349,"column":6},"end":{"line":354,"column":null}},{"start":{},"end":{}}],"line":349},"23":{"loc":{"start":{"line":357,"column":6},"end":{"line":362,"column":null}},"type":"if","locations":[{"start":{"line":357,"column":6},"end":{"line":362,"column":null}},{"start":{},"end":{}}],"line":357},"24":{"loc":{"start":{"line":365,"column":6},"end":{"line":370,"column":null}},"type":"if","locations":[{"start":{"line":365,"column":6},"end":{"line":370,"column":null}},{"start":{},"end":{}}],"line":365},"25":{"loc":{"start":{"line":374,"column":6},"end":{"line":379,"column":null}},"type":"if","locations":[{"start":{"line":374,"column":6},"end":{"line":379,"column":null}},{"start":{},"end":{}}],"line":374},"26":{"loc":{"start":{"line":384,"column":6},"end":{"line":389,"column":null}},"type":"if","locations":[{"start":{"line":384,"column":6},"end":{"line":389,"column":null}},{"start":{},"end":{}}],"line":384},"27":{"loc":{"start":{"line":393,"column":6},"end":{"line":398,"column":null}},"type":"if","locations":[{"start":{"line":393,"column":6},"end":{"line":398,"column":null}},{"start":{},"end":{}}],"line":393},"28":{"loc":{"start":{"line":416,"column":2},"end":{"line":423,"column":null}},"type":"if","locations":[{"start":{"line":416,"column":2},"end":{"line":423,"column":null}},{"start":{},"end":{}}],"line":416},"29":{"loc":{"start":{"line":427,"column":2},"end":{"line":433,"column":null}},"type":"if","locations":[{"start":{"line":427,"column":2},"end":{"line":433,"column":null}},{"start":{},"end":{}}],"line":427}},"s":{"0":10,"1":70,"2":1476,"3":10,"4":10,"5":10,"6":0,"7":0,"8":10,"9":10,"10":10,"11":10,"12":10,"13":437,"14":0,"15":437,"16":437,"17":7,"18":430,"19":1,"20":429,"21":4281,"22":1,"23":428,"24":142,"25":0,"26":142,"27":142,"28":2,"29":140,"30":99,"31":99,"32":99,"33":1,"34":98,"35":52,"36":52,"37":3,"38":49,"39":49,"40":49,"41":99,"42":99,"43":99,"44":3,"45":96,"46":0,"47":96,"48":46,"49":5,"50":41,"51":1,"52":40,"53":1,"54":39,"55":39,"56":39,"57":39,"58":39,"59":72,"60":72,"61":1,"62":71,"63":0,"64":71,"65":71,"66":71,"67":71,"68":71,"69":1,"70":70,"71":70,"72":107,"73":107,"74":3,"75":104,"76":104,"77":1,"78":103,"79":1,"80":102,"81":1,"82":101,"83":101,"84":1,"85":100,"86":100,"87":100,"88":1,"89":99,"90":99,"91":1,"92":28,"93":113,"94":113,"95":61,"96":52,"97":52,"98":24,"99":28},"f":{"0":70,"1":1476,"2":0,"3":0,"4":437,"5":142,"6":99,"7":52,"8":113},"b":{"0":[0,437],"1":[7,430],"2":[1,429],"3":[1,4280],"4":[4281,1],"5":[0,142],"6":[2,140],"7":[142,0,142,0,142,141,140],"8":[99,99,98,98,98],"9":[1,98],"10":[99,1,0],"11":[3,49],"12":[3,96],"13":[0,96],"14":[5,41],"15":[1,40],"16":[1,39],"17":[1,71],"18":[0,71],"19":[1,70],"20":[71,1],"21":[3,104],"22":[1,103],"23":[1,102],"24":[1,101],"25":[1,100],"26":[1,99],"27":[1,98],"28":[61,52],"29":[24,28]},"meta":{"lastBranch":30,"lastFunction":9,"lastStatement":100,"seen":{"s:10:6:20:Infinity":0,"f:10:6:10:29":0,"s:11:2:20:Infinity":1,"f:18:5:18:13":1,"s:18:21:18:44":2,"s:23:34:31:Infinity":3,"s:34:34:40:Infinity":4,"s:46:26:66:Infinity":5,"f:51:6:51:23":2,"s:51:23:51:Infinity":6,"f:63:6:63:23":3,"s:63:23:63:Infinity":7,"s:72:25:92:Infinity":8,"s:98:30:111:Infinity":9,"s:117:26:127:Infinity":10,"s:130:26:152:Infinity":11,"s:154:29:165:Infinity":12,"f:173:9:173:27":4,"b:174:2:174:Infinity:undefined:undefined:undefined:undefined":0,"s:174:2:174:Infinity":13,"s:174:32:174:Infinity":14,"s:175:21:175:Infinity":15,"b:177:2:177:Infinity:undefined:undefined:undefined:undefined":1,"s:177:2:177:Infinity":16,"s:177:41:177:Infinity":17,"b:178:2:178:Infinity:undefined:undefined:undefined:undefined":2,"s:178:2:178:Infinity":18,"s:178:42:178:Infinity":19,"s:180:2:184:Infinity":20,"b:181:4:183:Infinity:undefined:undefined:undefined:undefined":3,"s:181:4:183:Infinity":21,"b:181:8:181:41:181:41:181:65":4,"s:182:6:182:Infinity":22,"s:186:2:186:Infinity":23,"f:195:9:195:33":5,"b:196:2:196:Infinity:undefined:undefined:undefined:undefined":5,"s:196:2:196:Infinity":24,"s:196:32:196:Infinity":25,"s:197:16:197:Infinity":26,"b:199:2:207:Infinity:undefined:undefined:undefined:undefined":6,"s:199:2:207:Infinity":27,"b:200:5:200:36:200:36:200:Infinity:201:5:201:40:201:40:201:Infinity:202:4:202:Infinity:203:4:203:Infinity:204:4:204:Infinity":7,"s:206:4:206:Infinity":28,"s:208:2:208:Infinity":29,"f:219:9:219:33":6,"s:220:16:220:Infinity":30,"s:223:4:227:Infinity":31,"b:223:4:223:Infinity:224:4:224:Infinity:225:4:225:Infinity:226:4:226:Infinity:227:4:227:Infinity":8,"b:229:2:231:Infinity:undefined:undefined:undefined:undefined":9,"s:229:2:231:Infinity":32,"b:229:6:229:22:229:22:229:43:229:43:229:65":10,"s:230:4:230:Infinity":33,"s:233:2:233:Infinity":34,"f:243:9:243:29":7,"s:244:25:244:Infinity":35,"b:247:2:252:Infinity:undefined:undefined:undefined:undefined":11,"s:247:2:252:Infinity":36,"s:248:4:251:Infinity":37,"s:255:25:255:Infinity":38,"s:256:2:274:Infinity":39,"s:256:15:256:18":40,"s:257:27:257:Infinity":41,"s:258:26:258:Infinity":42,"b:260:4:265:Infinity:undefined:undefined:undefined:undefined":12,"s:260:4:265:Infinity":43,"s:261:6:264:Infinity":44,"b:267:4:272:Infinity:undefined:undefined:undefined:undefined":13,"s:267:4:272:Infinity":45,"s:268:6:271:Infinity":46,"s:273:4:273:Infinity":47,"b:277:2:282:Infinity:undefined:undefined:undefined:undefined":14,"s:277:2:282:Infinity":48,"s:278:4:281:Infinity":49,"b:283:2:288:Infinity:undefined:undefined:undefined:undefined":15,"s:283:2:288:Infinity":50,"s:284:4:287:Infinity":51,"b:289:2:294:Infinity:undefined:undefined:undefined:undefined":16,"s:289:2:294:Infinity":52,"s:290:4:293:Infinity":53,"s:297:22:297:Infinity":54,"s:298:24:298:Infinity":55,"s:299:31:299:Infinity":56,"s:301:2:400:Infinity":57,"s:301:15:301:18":58,"s:302:16:302:Infinity":59,"b:305:4:310:Infinity:undefined:undefined:undefined:undefined":17,"s:305:4:310:Infinity":60,"s:306:6:309:Infinity":61,"b:311:4:316:Infinity:undefined:undefined:undefined:undefined":18,"s:311:4:316:Infinity":62,"s:312:6:315:Infinity":63,"s:319:22:319:Infinity":64,"s:320:24:320:Infinity":65,"s:321:26:321:Infinity":66,"s:322:29:328:Infinity":67,"b:329:4:334:Infinity:undefined:undefined:undefined:undefined":19,"s:329:4:334:Infinity":68,"b:329:8:329:45:329:45:329:85":20,"s:330:6:333:Infinity":69,"s:336:4:399:Infinity":70,"s:336:17:336:20":71,"s:337:19:337:Infinity":72,"b:340:6:345:Infinity:undefined:undefined:undefined:undefined":21,"s:340:6:345:Infinity":73,"s:341:8:344:Infinity":74,"s:346:6:346:Infinity":75,"b:349:6:354:Infinity:undefined:undefined:undefined:undefined":22,"s:349:6:354:Infinity":76,"s:350:8:353:Infinity":77,"b:357:6:362:Infinity:undefined:undefined:undefined:undefined":23,"s:357:6:362:Infinity":78,"s:358:8:361:Infinity":79,"b:365:6:370:Infinity:undefined:undefined:undefined:undefined":24,"s:365:6:370:Infinity":80,"s:366:8:369:Infinity":81,"s:373:23:373:Infinity":82,"b:374:6:379:Infinity:undefined:undefined:undefined:undefined":25,"s:374:6:379:Infinity":83,"s:375:8:378:Infinity":84,"s:380:6:380:Infinity":85,"s:383:23:383:Infinity":86,"b:384:6:389:Infinity:undefined:undefined:undefined:undefined":26,"s:384:6:389:Infinity":87,"s:385:8:388:Infinity":88,"s:390:6:390:Infinity":89,"b:393:6:398:Infinity:undefined:undefined:undefined:undefined":27,"s:393:6:398:Infinity":90,"s:394:8:397:Infinity":91,"s:402:2:402:Infinity":92,"f:413:16:413:29":8,"s:415:20:415:Infinity":93,"b:416:2:423:Infinity:undefined:undefined:undefined:undefined":28,"s:416:2:423:Infinity":94,"s:417:4:422:Infinity":95,"s:426:23:426:Infinity":96,"b:427:2:433:Infinity:undefined:undefined:undefined:undefined":29,"s:427:2:433:Infinity":97,"s:428:4:432:Infinity":98,"s:435:2:438:Infinity":99},"fnNames":{}}}
}
